<?xml version="1.0" encoding="UTF-8"?>
<!-- Generated by org.testng.reporters.JUnitXMLReporter -->
<testsuite ignored="0" hostname="DESKTOP-CP37DLD" failures="2" tests="5" name="Test" time="7.862" errors="0" timestamp="2023-05-31T15:51:46 AST">
  <testcase classname="api.test.UserTests" name="createusertests" time="3.335"/>
  <testcase classname="api.test.UserTests" name="createusertests2" time="0.831"/>
  <testcase classname="api.test.UserTests" name="createusertests3" time="0.892"/>
  <testcase classname="api.test.UserTests" name="createusertests4" time="0.871">
    <failure type="java.lang.AssertionError" message="expected [200] but found [300]">
      <![CDATA[java.lang.AssertionError: expected [200] but found [300]
at api.test.UserTests.createusertests4(UserTests.java:60)
at java.base/java.util.ArrayList.forEach(ArrayList.java:1511)
... Removed 33 stack frames]]>
    </failure>
  </testcase> <!-- createusertests4 -->
  <testcase classname="api.test.UserTests" name="createusertests5" time="0.886">
    <failure type="java.lang.AssertionError" message="expected [200] but found [300]">
      <![CDATA[java.lang.AssertionError: expected [200] but found [300]
at api.test.UserTests.createusertests5(UserTests.java:66)
at java.base/java.util.ArrayList.forEach(ArrayList.java:1511)
... Removed 33 stack frames]]>
    </failure>
  </testcase> <!-- createusertests5 -->
</testsuite> <!-- Test -->
